<?xml version="1.0" encoding="UTF-8"?>
<!-- Generated by org.testng.reporters.JUnitReportReporter -->
<testsuite hostname="MWDH-Work2" failures="0" tests="1" name="ass2W11D4.StartingAppiumserverusingcode.Ass2W11D4" time="61.004" errors="0" timestamp="2022-08-25T02:39:48 AST" skipped="0">
  <testcase classname="ass2W11D4.StartingAppiumserverusingcode.Ass2W11D4" name="appiumStart" time="61.004"/>
  <system-out/>
</testsuite> <!-- ass2W11D4.StartingAppiumserverusingcode.Ass2W11D4 -->
